Season 1
+---+----------+----------+--------+--------+
|Day|  Plant   | Harvest  |Expenses| Income |
+---+----------+----------+--------+--------+
|  1|TS        |          |    690G|      0G|
|  5|T         |T         |    240G|   1080G|
|  9|T         |TS        |    240G|   1890G|
| 11|          |S         |      0G|    810G|
| 13|T         |TS        |    240G|   1890G|
| 15|          |S         |      0G|    810G|
| 17|          |TS        |      0G|   1890G|
| 19|          |S         |      0G|    810G|
+---+----------+----------+--------+--------+
|ALL|          |          |   1410G|   9180G|
+---+----------+----------+--------+--------+
Ali will make 7770G.

Season 2
+---+----------+----------+--------+--------+
|Day|  Plant   | Harvest  |Expenses| Income |
+---+----------+----------+--------+--------+
|  1|ECSPG     |          |  14350G|      0G|
|  6|P         |SP        |   1000G|  41400G|
|  8|C         |CSG       |   1500G|  42300G|
| 10|          |ESG       |      0G|  43200G|
| 11|P         |P         |   1000G|   3600G|
| 12|          |SG        |      0G|  39600G|
| 13|          |E         |      0G|   3600G|
| 14|          |SG        |      0G|  39600G|
| 15|C         |C         |   1500G|   2700G|
| 16|P         |ESPG      |   1000G|  46800G|
| 18|          |SG        |      0G|  39600G|
| 19|          |E         |      0G|   3600G|
| 20|          |SG        |      0G|  39600G|
| 21|P         |P         |   1000G|   3600G|
| 22|C         |ECSG      |   1500G|  45900G|
| 24|          |SG        |      0G|  39600G|
| 25|          |E         |      0G|   3600G|
| 26|          |SPG       |      0G|  43200G|
| 28|          |ESG       |      0G|  43200G|
| 29|          |C         |      0G|   2700G|
| 30|          |SG        |      0G|  39600G|
+---+----------+----------+--------+--------+
|ALL|          |          |  22850G| 567000G|
+---+----------+----------+--------+--------+
Ali will make 544150G.

Season 3
+---+----------+----------+--------+--------+
|Day|  Plant   | Harvest  |Expenses| Income |
+---+----------+----------+--------+--------+
|  1|EGBCTNUHA |          |  10701G|      0G|
|  3|          |H         |      0G|  23166G|
|  4|C         |CH        |     84G|  45324G|
|  5|          |H         |      0G|  23166G|
|  6|          |H         |      0G|  23166G|
|  7|C         |CH        |     84G|  45324G|
|  8|B         |BH        |   3618G|  28512G|
|  9|          |H         |      0G|  23166G|
| 10|C         |CH        |     84G|  45324G|
| 11|          |H         |      0G|  23166G|
| 12|          |H         |      0G|  23166G|
| 13|EC        |ECH       |    153G|  46161G|
| 14|          |GH        |      0G|  35082G|
| 15|B         |BH        |   3618G|  28512G|
| 16|C         |CH        |     84G|  45324G|
| 17|          |H         |      0G|  23166G|
| 18|          |H         |      0G|  23166G|
| 19|C         |CH        |     84G|  45324G|
| 20|          |H         |      0G|  23166G|
| 21|          |H         |      0G|  23166G|
| 22|BC        |BCH       |   3702G|  50670G|
| 23|          |TH        |      0G|  23463G|
| 24|          |H         |      0G|  23166G|
| 25|EC        |ECH       |    153G|  46161G|
| 26|          |H         |      0G|  23166G|
| 27|          |TH        |      0G|  23463G|
| 28|C         |CH        |     84G|  45324G|
| 29|B         |BH        |   3618G|  28512G|
| 30|          |H         |      0G|  23166G|
| 31|C         |CTH       |     84G|  45621G|
| 32|          |H         |      0G|  23166G|
| 33|          |UH        |      0G|  23940G|
| 34|C         |CH        |     84G|  45324G|
| 35|          |TNHA      |      0G|  23913G|
| 36|B         |BUH       |   3618G|  29286G|
| 37|EC        |ECH       |    153G|  46161G|
| 38|          |H         |      0G|  23166G|
| 39|          |TUH       |      0G|  24237G|
| 40|C         |CH        |     84G|  45324G|
| 41|          |H         |      0G|  23166G|
| 42|          |UH        |      0G|  23940G|
| 43|BC        |BCTH      |   3702G|  50967G|
| 44|          |GH        |      0G|  35082G|
| 45|          |UH        |      0G|  23940G|
| 46|C         |CH        |     84G|  45324G|
| 47|          |TH        |      0G|  23463G|
| 48|          |UH        |      0G|  23940G|
| 49|          |ECH       |      0G|  46161G|
| 50|          |BH        |      0G|  28512G|
+---+----------+----------+--------+--------+
|ALL|          |          |  33876G|1538271G|
+---+----------+----------+--------+--------+
Ali will make 1504395G.

Season 4
+---+----------+----------+--------+--------+
|Day|  Plant   | Harvest  |Expenses| Income |
+---+----------+----------+--------+--------+
+---+----------+----------+--------+--------+
|ALL|          |          |      0G|      0G|
+---+----------+----------+--------+--------+
Ali will make 0G.

Season 5
+---+----------+----------+--------+--------+
|Day|  Plant   | Harvest  |Expenses| Income |
+---+----------+----------+--------+--------+
|  1|POTAE     |          |     55G|      0G|
|  2|          |E         |      0G|      9G|
|  3|          |AE        |      0G|     45G|
|  4|          |TE        |      0G|     90G|
|  5|          |OAE       |      0G|    189G|
|  6|          |PE        |      0G|    234G|
|  7|          |TAE       |      0G|    126G|
|  8|          |E         |      0G|      9G|
|  9|          |OAE       |      0G|    189G|
| 10|          |TE        |      0G|     90G|
| 11|          |PAE       |      0G|    270G|
| 12|          |E         |      0G|      9G|
| 13|          |OTAE      |      0G|    270G|
| 14|          |E         |      0G|      9G|
| 15|          |AE        |      0G|     45G|
| 16|          |PTE       |      0G|    315G|
| 17|          |OAE       |      0G|    189G|
| 18|          |E         |      0G|      9G|
| 19|          |TAE       |      0G|    126G|
| 20|          |E         |      0G|      9G|
| 21|          |POAE      |      0G|    414G|
| 22|          |TE        |      0G|     90G|
| 23|          |AE        |      0G|     45G|
| 24|          |E         |      0G|      9G|
| 25|          |OTAE      |      0G|    270G|
| 26|          |PE        |      0G|    234G|
| 27|          |AE        |      0G|     45G|
| 28|          |TE        |      0G|     90G|
| 29|          |OAE       |      0G|    189G|
| 30|          |E         |      0G|      9G|
+---+----------+----------+--------+--------+
|ALL|          |          |     55G|   3627G|
+---+----------+----------+--------+--------+
Ali will make 3572G.

Season 6
+---+----------+----------+--------+--------+
|Day|  Plant   | Harvest  |Expenses| Income |
+---+----------+----------+--------+--------+
|  1|POTAE     |          |     55G|      0G|
|  2|E         |E         |      1G|      9G|
|  3|AE        |AE        |      5G|     45G|
|  4|TE        |TE        |     10G|     90G|
|  5|OAE       |OAE       |     21G|    189G|
|  6|PE        |PE        |     26G|    234G|
|  7|TAE       |TAE       |     14G|    126G|
|  8|E         |E         |      1G|      9G|
|  9|OAE       |OAE       |     21G|    189G|
| 10|TE        |TE        |     10G|     90G|
| 11|PAE       |PAE       |     30G|    270G|
| 12|E         |E         |      1G|      9G|
| 13|OTAE      |OTAE      |     30G|    270G|
| 14|E         |E         |      1G|      9G|
| 15|AE        |AE        |      5G|     45G|
| 16|PTE       |PTE       |     35G|    315G|
| 17|OAE       |OAE       |     21G|    189G|
| 18|E         |E         |      1G|      9G|
| 19|TAE       |TAE       |     14G|    126G|
| 20|E         |E         |      1G|      9G|
| 21|POAE      |POAE      |     46G|    414G|
| 22|TE        |TE        |     10G|     90G|
| 23|AE        |AE        |      5G|     45G|
| 24|E         |E         |      1G|      9G|
| 25|OTAE      |OTAE      |     30G|    270G|
| 26|E         |PE        |      1G|    234G|
| 27|AE        |AE        |      5G|     45G|
| 28|E         |TE        |      1G|     90G|
| 29|E         |OAE       |      1G|    189G|
| 30|          |E         |      0G|      9G|
+---+----------+----------+--------+--------+
|ALL|          |          |    403G|   3627G|
+---+----------+----------+--------+--------+
Ali will make 3224G.

Season 7
+---+----------+----------+--------+--------+
|Day|  Plant   | Harvest  |Expenses| Income |
+---+----------+----------+--------+--------+
+---+----------+----------+--------+--------+
|ALL|          |          |      0G|      0G|
+---+----------+----------+--------+--------+
Ali will make 0G.

Season 8
+---+----------+----------+--------+--------+
|Day|  Plant   | Harvest  |Expenses| Income |
+---+----------+----------+--------+--------+
|  1|CF        |          |  14000G|      0G|
|  4|C         |C         |   4000G|    360G|
|  5|          |F         |      0G|    900G|
|  7|C         |CF        |   4000G|   1260G|
|  9|          |F         |      0G|    900G|
| 10|C         |C         |   4000G|    360G|
| 11|          |F         |      0G|    900G|
| 13|C         |CF        |   4000G|   1260G|
| 15|          |F         |      0G|    900G|
| 16|C         |C         |   4000G|    360G|
| 17|          |F         |      0G|    900G|
| 19|          |CF        |      0G|   1260G|
+---+----------+----------+--------+--------+
|ALL|          |          |  34000G|   9360G|
+---+----------+----------+--------+--------+
Ali will make -24640G.

Season 9
+---+----------+----------+--------+--------+
|Day|  Plant   | Harvest  |Expenses| Income |
+---+----------+----------+--------+--------+
|  1|ABDEFGCHIJ|          |  11916G|      0G|
|  2|          |DJ        |      0G|  31851G|
|  3|          |I         |      0G|  21168G|
|  4|EH        |BEH       |   2299G|  65088G|
|  5|A         |AC        |    504G| 269568G|
|  6|G         |G         |   3555G|  30780G|
|  7|EH        |BDEFH     |   2299G|  90108G|
|  9|A         |A         |    504G|    432G|
| 10|EH        |BEH       |   2299G|  65088G|
| 11|G         |G         |   3555G|  30780G|
| 12|          |D         |      0G|  17982G|
| 13|AEH       |ABEH      |   2803G|  65520G|
| 14|          |F         |      0G|   7038G|
| 15|          |J         |      0G|  13869G|
| 16|EGH       |BEGCH     |   5854G| 365004G|
| 17|A         |AD        |    504G|  18414G|
| 19|EH        |BEH       |   2299G|  65088G|
| 20|          |I         |      0G|  21168G|
| 21|AG        |AFG       |   4059G|  38250G|
| 22|EH        |BDEH      |   2299G|  83070G|
| 25|AEH       |ABEH      |   2803G|  65520G|
| 26|G         |G         |   3555G|  30780G|
| 27|          |DC        |      0G| 287118G|
| 28|EH        |BEFHJ     |   2299G|  85995G|
| 29|A         |A         |    504G|    432G|
| 31|EGH       |BEGH      |   5854G|  95868G|
| 32|          |D         |      0G|  17982G|
| 33|A         |A         |    504G|    432G|
| 34|EH        |BEH       |   2299G|  65088G|
| 35|          |F         |      0G|   7038G|
| 36|G         |G         |   3555G|  30780G|
| 37|AEH       |ABDEHI    |   2803G| 104670G|
| 38|          |C         |      0G| 269136G|
| 40|EH        |BEH       |   2299G|  65088G|
| 41|AG        |AGJ       |   4059G|  45081G|
| 42|          |DF        |      0G|  25020G|
| 43|EH        |BEH       |   2299G|  65088G|
| 45|A         |A         |    504G|    432G|
| 46|EH        |BEGH      |   2299G|  95868G|
| 47|          |D         |      0G|  17982G|
| 49|          |ABEFCH    |      0G| 341694G|
+---+----------+----------+--------+--------+
|ALL|          |          |  80385G|3017358G|
+---+----------+----------+--------+--------+
Ali will make 2936973G.

Season 10
+---+----------+----------+--------+--------+
|Day|  Plant   | Harvest  |Expenses| Income |
+---+----------+----------+--------+--------+
|  1|TS        |          |    690G|      0G|
|  5|T         |T         |    240G|   1080G|
|  9|T         |TS        |    240G|   1890G|
| 11|          |S         |      0G|    810G|
| 13|T         |TS        |    240G|   1890G|
| 15|          |S         |      0G|    810G|
| 17|          |TS        |      0G|   1890G|
| 19|          |S         |      0G|    810G|
+---+----------+----------+--------+--------+
|ALL|          |          |   1410G|   9180G|
+---+----------+----------+--------+--------+
Ali will make 7770G.

Season 11
+---+----------+----------+--------+--------+
|Day|  Plant   | Harvest  |Expenses| Income |
+---+----------+----------+--------+--------+
|  1|ECSPG     |          |  14350G|      0G|
|  6|P         |SP        |   1000G|  41400G|
|  8|C         |CSG       |   1500G|  42300G|
| 10|          |ESG       |      0G|  43200G|
| 11|P         |P         |   1000G|   3600G|
| 12|          |SG        |      0G|  39600G|
| 13|          |E         |      0G|   3600G|
| 14|          |SG        |      0G|  39600G|
| 15|C         |C         |   1500G|   2700G|
| 16|P         |ESPG      |   1000G|  46800G|
| 18|          |SG        |      0G|  39600G|
| 19|          |E         |      0G|   3600G|
| 20|          |SG        |      0G|  39600G|
| 21|P         |P         |   1000G|   3600G|
| 22|C         |ECSG      |   1500G|  45900G|
| 24|          |SG        |      0G|  39600G|
| 25|          |E         |      0G|   3600G|
| 26|          |SPG       |      0G|  43200G|
| 28|          |ESG       |      0G|  43200G|
| 29|          |C         |      0G|   2700G|
| 30|          |SG        |      0G|  39600G|
+---+----------+----------+--------+--------+
|ALL|          |          |  22850G| 567000G|
+---+----------+----------+--------+--------+
Ali will make 544150G.

Season 12
+---+----------+----------+--------+--------+
|Day|  Plant   | Harvest  |Expenses| Income |
+---+----------+----------+--------+--------+
|  1|FP        |          |   1000G|      0G|
|  5|F         |F         |      0G|   4500G|
|  6|          |P         |      0G|      0G|
|  8|          |P         |      0G|      0G|
|  9|          |F         |      0G|   4500G|
| 10|          |P         |      0G|      0G|
+---+----------+----------+--------+--------+
|ALL|          |          |   1000G|   9000G|
+---+----------+----------+--------+--------+
Ali will make 8000G.

Season 13
+---+----------+----------+--------+--------+
|Day|  Plant   | Harvest  |Expenses| Income |
+---+----------+----------+--------+--------+
|  1|F         |          |    100G|      0G|
|  5|F         |F         |    100G|    900G|
|  9|          |F         |      0G|    900G|
+---+----------+----------+--------+--------+
|ALL|          |          |    200G|   1800G|
+---+----------+----------+--------+--------+
Ali will make 1600G.

Season 14
+---+----------+----------+--------+--------+
|Day|  Plant   | Harvest  |Expenses| Income |
+---+----------+----------+--------+--------+
|  1|F         |          |    100G|      0G|
|  5|          |F         |      0G|    900G|
+---+----------+----------+--------+--------+
|ALL|          |          |    100G|    900G|
+---+----------+----------+--------+--------+
Ali will make 800G.

Season 15
+---+----------+----------+--------+--------+
|Day|  Plant   | Harvest  |Expenses| Income |
+---+----------+----------+--------+--------+
+---+----------+----------+--------+--------+
|ALL|          |          |      0G|      0G|
+---+----------+----------+--------+--------+
Ali will make 0G.

Season 16
+---+----------+----------+--------+--------+
|Day|  Plant   | Harvest  |Expenses| Income |
+---+----------+----------+--------+--------+
|  1|B         |          | 999999G|      0G|
|  2|B         |B         | 999999G| 999999G|
|  3|B         |B         | 999999G| 999999G|
|  4|B         |B         | 999999G| 999999G|
|  5|B         |B         | 999999G| 999999G|
|  6|B         |B         | 999999G| 999999G|
|  7|B         |B         | 999999G| 999999G|
|  8|B         |B         | 999999G| 999999G|
|  9|B         |B         | 999999G| 999999G|
| 10|B         |B         | 999999G| 999999G|
| 11|          |B         |      0G| 999999G|
+---+----------+----------+--------+--------+
|ALL|          |          |9999990G|9999990G|
+---+----------+----------+--------+--------+
Ali will make 0G.

Season 17
+---+----------+----------+--------+--------+
|Day|  Plant   | Harvest  |Expenses| Income |
+---+----------+----------+--------+--------+
+---+----------+----------+--------+--------+
|ALL|          |          |      0G|      0G|
+---+----------+----------+--------+--------+
Ali will make 0G.

Season 18
+---+----------+----------+--------+--------+
|Day|  Plant   | Harvest  |Expenses| Income |
+---+----------+----------+--------+--------+
|  1|CE        |          |    108G|      0G|
|  3|C         |C         |      8G|      9G|
|  4|E         |E         |    100G|      9G|
|  5|C         |C         |      8G|      9G|
|  7|          |CE        |      0G|     18G|
+---+----------+----------+--------+--------+
|ALL|          |          |    224G|     45G|
+---+----------+----------+--------+--------+
Ali will make -179G.

Season 19
+---+----------+----------+--------+--------+
|Day|  Plant   | Harvest  |Expenses| Income |
+---+----------+----------+--------+--------+
|  1|S         |          |      1G|      0G|
|  2|          |S         |      0G|      9G|
+---+----------+----------+--------+--------+
|ALL|          |          |      1G|      9G|
+---+----------+----------+--------+--------+
Ali will make 8G.

Season 20
+---+----------+----------+--------+--------+
|Day|  Plant   | Harvest  |Expenses| Income |
+---+----------+----------+--------+--------+
|  1|FATSRN    |          |    213G|      0G|
|  3|FN        |FRN       |     44G|    936G|
|  5|FAN       |FAN       |     64G|    756G|
|  6|          |S         |      0G|      9G|
|  7|FN        |FTSN      |     44G|    630G|
|  8|          |S         |      0G|      9G|
|  9|          |FASN      |      0G|    765G|
+---+----------+----------+--------+--------+
|ALL|          |          |    365G|   3105G|
+---+----------+----------+--------+--------+
Ali will make 2740G.

Season 21
+---+----------+----------+--------+--------+
|Day|  Plant   | Harvest  |Expenses| Income |
+---+----------+----------+--------+--------+
|  1|EJAFD     |          |  65050G|      0G|
| 99|F         |F         |  15300G|  92412G|
|100|          |E         |      0G|  32076G|
|101|          |J         |      0G|   2709G|
|150|          |E         |      0G|  32076G|
|178|          |A         |      0G|  25263G|
|196|          |D         |      0G| 225828G|
|197|          |F         |      0G|  92412G|
|198|          |D         |      0G| 225828G|
|200|          |ED        |      0G| 257904G|
+---+----------+----------+--------+--------+
|ALL|          |          |  80350G| 986508G|
+---+----------+----------+--------+--------+
Ali will make 906158G.

