+---+----------+----------+--------+--------+
|Day|  Plant   | Harvest  |Expenses| Income |
+---+----------+----------+--------+--------+
|  1|POTAE     |          |     55G|      0G|
|  2|          |E         |      0G|      9G|
|  3|          |AE        |      0G|     45G|
|  4|          |TE        |      0G|     90G|
|  5|          |OAE       |      0G|    189G|
|  6|          |PE        |      0G|    234G|
|  7|          |TAE       |      0G|    126G|
|  8|          |E         |      0G|      9G|
|  9|          |OAE       |      0G|    189G|
| 10|          |TE        |      0G|     90G|
| 11|          |PAE       |      0G|    270G|
| 12|          |E         |      0G|      9G|
| 13|          |OTAE      |      0G|    270G|
| 14|          |E         |      0G|      9G|
| 15|          |AE        |      0G|     45G|
| 16|          |PTE       |      0G|    315G|
| 17|          |OAE       |      0G|    189G|
| 18|          |E         |      0G|      9G|
| 19|          |TAE       |      0G|    126G|
| 20|          |E         |      0G|      9G|
| 21|          |POAE      |      0G|    414G|
| 22|          |TE        |      0G|     90G|
| 23|          |AE        |      0G|     45G|
| 24|          |E         |      0G|      9G|
| 25|          |OTAE      |      0G|    270G|
| 26|          |PE        |      0G|    234G|
| 27|          |AE        |      0G|     45G|
| 28|          |TE        |      0G|     90G|
| 29|          |OAE       |      0G|    189G|
| 30|          |E         |      0G|      9G|
+---+----------+----------+--------+--------+
|ALL|          |          |     55G|   3627G|
+---+----------+----------+--------+--------+
Ali will make 3572G.
