+---+----------+----------+--------+--------+
|Day|  Plant   | Harvest  |Expenses| Income |
+---+----------+----------+--------+--------+
|  1|POTAE     |          |     55G|      0G|
|  2|E         |E         |      1G|      9G|
|  3|AE        |AE        |      5G|     45G|
|  4|TE        |TE        |     10G|     90G|
|  5|OAE       |OAE       |     21G|    189G|
|  6|PE        |PE        |     26G|    234G|
|  7|TAE       |TAE       |     14G|    126G|
|  8|E         |E         |      1G|      9G|
|  9|OAE       |OAE       |     21G|    189G|
| 10|TE        |TE        |     10G|     90G|
| 11|PAE       |PAE       |     30G|    270G|
| 12|E         |E         |      1G|      9G|
| 13|OTAE      |OTAE      |     30G|    270G|
| 14|E         |E         |      1G|      9G|
| 15|AE        |AE        |      5G|     45G|
| 16|PTE       |PTE       |     35G|    315G|
| 17|OAE       |OAE       |     21G|    189G|
| 18|E         |E         |      1G|      9G|
| 19|TAE       |TAE       |     14G|    126G|
| 20|E         |E         |      1G|      9G|
| 21|POAE      |POAE      |     46G|    414G|
| 22|TE        |TE        |     10G|     90G|
| 23|AE        |AE        |      5G|     45G|
| 24|E         |E         |      1G|      9G|
| 25|OTAE      |OTAE      |     30G|    270G|
| 26|E         |PE        |      1G|    234G|
| 27|AE        |AE        |      5G|     45G|
| 28|E         |TE        |      1G|     90G|
| 29|E         |OAE       |      1G|    189G|
| 30|          |E         |      0G|      9G|
+---+----------+----------+--------+--------+
|ALL|          |          |    403G|   3627G|
+---+----------+----------+--------+--------+
Ali will make 3224G.
